<?xml version="1.0" encoding="UTF-8"?>
<!-- Generated by org.testng.reporters.JUnitReportReporter -->
<testsuite skipped="0" hostname="DESKTOP-RN938S1" name="hrm.keyworddriven.Driver" tests="1" failures="0" timestamp="10 Jun 2019 00:58:26 GMT" time="4.276" errors="0">
  <testcase name="test" time="4.276" classname="hrm.keyworddriven.Driver"/>
</testsuite> <!-- hrm.keyworddriven.Driver -->
